<?xml version="1.0" encoding="UTF-8"?>
<!-- Generated by org.testng.reporters.JUnitXMLReporter -->
<testsuite hostname="Darshans-MacBook-Pro.local" ignored="30" name="Default test" tests="46" failures="0" timestamp="23 Jul 2019 11:45:51 GMT" time="0.3" errors="0">
  <testcase name="@BeforeSuite init" time="0.0" classname="com.moofwd.base.TestBase">
    <failure type="org.openqa.selenium.WebDriverException" message="Connection refused (Connection refused)
Build info: version: &amp;apos;3.14.0&amp;apos;, revision: &amp;apos;aacccce0&amp;apos;, time: &amp;apos;2018-08-02T20:19:58.91Z&amp;apos;
System info: host: &amp;apos;Darshans-MacBook-Pro.local&amp;apos;, ip: &amp;apos;fe80:0:0:0:1cc3:fa3f:3284:44f0%en0&amp;apos;, os.name: &amp;apos;Mac OS X&amp;apos;, os.arch: &amp;apos;x86_64&amp;apos;, os.version: &amp;apos;10.14.4&amp;apos;, java.version: &amp;apos;1.8.0_201&amp;apos;
Driver info: driver.version: IOSDriver">
      <![CDATA[org.openqa.selenium.WebDriverException: Connection refused (Connection refused)
Build info: version: '3.14.0', revision: 'aacccce0', time: '2018-08-02T20:19:58.91Z'
System info: host: 'Darshans-MacBook-Pro.local', ip: 'fe80:0:0:0:1cc3:fa3f:3284:44f0%en0', os.name: 'Mac OS X', os.arch: 'x86_64', os.version: '10.14.4', java.version: '1.8.0_201'
Driver info: driver.version: IOSDriver
	at io.appium.java_client.remote.AppiumCommandExecutor.lambda$5(AppiumCommandExecutor.java:251)
	at java.util.Optional.orElseGet(Optional.java:267)
	at io.appium.java_client.remote.AppiumCommandExecutor.execute(AppiumCommandExecutor.java:250)
	at org.openqa.selenium.remote.RemoteWebDriver.execute(RemoteWebDriver.java:548)
	at io.appium.java_client.DefaultGenericMobileDriver.execute(DefaultGenericMobileDriver.java:42)
	at io.appium.java_client.AppiumDriver.execute(AppiumDriver.java:1)
	at io.appium.java_client.ios.IOSDriver.execute(IOSDriver.java:1)
	at org.openqa.selenium.remote.RemoteWebDriver.startSession(RemoteWebDriver.java:212)
	at org.openqa.selenium.remote.RemoteWebDriver.<init>(RemoteWebDriver.java:130)
	at io.appium.java_client.DefaultGenericMobileDriver.<init>(DefaultGenericMobileDriver.java:38)
	at io.appium.java_client.AppiumDriver.<init>(AppiumDriver.java:84)
	at io.appium.java_client.AppiumDriver.<init>(AppiumDriver.java:94)
	at io.appium.java_client.ios.IOSDriver.<init>(IOSDriver.java:95)
	at com.moofwd.base.TestBase.init(TestBase.java:166)
	at sun.reflect.NativeMethodAccessorImpl.invoke0(Native Method)
	at sun.reflect.NativeMethodAccessorImpl.invoke(NativeMethodAccessorImpl.java:62)
	at sun.reflect.DelegatingMethodAccessorImpl.invoke(DelegatingMethodAccessorImpl.java:43)
	at java.lang.reflect.Method.invoke(Method.java:498)
	at org.testng.internal.MethodInvocationHelper.invokeMethod(MethodInvocationHelper.java:104)
	at org.testng.internal.Invoker.invokeConfigurationMethod(Invoker.java:515)
	at org.testng.internal.Invoker.invokeConfigurations(Invoker.java:217)
	at org.testng.internal.Invoker.invokeConfigurations(Invoker.java:144)
	at org.testng.SuiteRunner.privateRun(SuiteRunner.java:326)
	at org.testng.SuiteRunner.run(SuiteRunner.java:289)
	at org.testng.SuiteRunnerWorker.runSuite(SuiteRunnerWorker.java:52)
	at org.testng.SuiteRunnerWorker.run(SuiteRunnerWorker.java:86)
	at org.testng.TestNG.runSuitesSequentially(TestNG.java:1293)
	at org.testng.TestNG.runSuitesLocally(TestNG.java:1218)
	at org.testng.TestNG.runSuites(TestNG.java:1133)
	at org.testng.TestNG.run(TestNG.java:1104)
	at org.testng.remote.AbstractRemoteTestNG.run(AbstractRemoteTestNG.java:132)
	at org.testng.remote.RemoteTestNG.initAndRun(RemoteTestNG.java:236)
	at org.testng.remote.RemoteTestNG.main(RemoteTestNG.java:81)
Caused by: java.net.ConnectException: Connection refused (Connection refused)
	at java.net.PlainSocketImpl.socketConnect(Native Method)
	at java.net.AbstractPlainSocketImpl.doConnect(AbstractPlainSocketImpl.java:350)
	at java.net.AbstractPlainSocketImpl.connectToAddress(AbstractPlainSocketImpl.java:206)
	at java.net.AbstractPlainSocketImpl.connect(AbstractPlainSocketImpl.java:188)
	at java.net.SocksSocketImpl.connect(SocksSocketImpl.java:392)
	at java.net.Socket.connect(Socket.java:589)
	at okhttp3.internal.platform.Platform.connectSocket(Platform.java:129)
	at okhttp3.internal.connection.RealConnection.connectSocket(RealConnection.java:240)
	at okhttp3.internal.connection.RealConnection.connect(RealConnection.java:160)
	at okhttp3.internal.connection.StreamAllocation.findConnection(StreamAllocation.java:257)
	at okhttp3.internal.connection.StreamAllocation.findHealthyConnection(StreamAllocation.java:135)
	at okhttp3.internal.connection.StreamAllocation.newStream(StreamAllocation.java:114)
	at okhttp3.internal.connection.ConnectInterceptor.intercept(ConnectInterceptor.java:42)
	at okhttp3.internal.http.RealInterceptorChain.proceed(RealInterceptorChain.java:147)
	at okhttp3.internal.http.RealInterceptorChain.proceed(RealInterceptorChain.java:121)
	at okhttp3.internal.cache.CacheInterceptor.intercept(CacheInterceptor.java:93)
	at okhttp3.internal.http.RealInterceptorChain.proceed(RealInterceptorChain.java:147)
	at okhttp3.internal.http.RealInterceptorChain.proceed(RealInterceptorChain.java:121)
	at okhttp3.internal.http.BridgeInterceptor.intercept(BridgeInterceptor.java:93)
	at okhttp3.internal.http.RealInterceptorChain.proceed(RealInterceptorChain.java:147)
	at okhttp3.internal.http.RetryAndFollowUpInterceptor.intercept(RetryAndFollowUpInterceptor.java:126)
	at okhttp3.internal.http.RealInterceptorChain.proceed(RealInterceptorChain.java:147)
	at okhttp3.internal.http.RealInterceptorChain.proceed(RealInterceptorChain.java:121)
	at okhttp3.RealCall.getResponseWithInterceptorChain(RealCall.java:200)
	at okhttp3.RealCall.execute(RealCall.java:77)
	at org.openqa.selenium.remote.internal.OkHttpClient.execute(OkHttpClient.java:105)
	at org.openqa.selenium.remote.ProtocolHandshake.createSession(ProtocolHandshake.java:101)
	at sun.reflect.NativeMethodAccessorImpl.invoke0(Native Method)
	at sun.reflect.NativeMethodAccessorImpl.invoke(NativeMethodAccessorImpl.java:62)
	at sun.reflect.DelegatingMethodAccessorImpl.invoke(DelegatingMethodAccessorImpl.java:43)
	at java.lang.reflect.Method.invoke(Method.java:498)
	at io.appium.java_client.remote.AppiumCommandExecutor$1.createSession(AppiumCommandExecutor.java:186)
	at io.appium.java_client.remote.AppiumCommandExecutor.createSession(AppiumCommandExecutor.java:217)
	at io.appium.java_client.remote.AppiumCommandExecutor.execute(AppiumCommandExecutor.java:239)
	... 30 more
]]>
    </failure>
  </testcase> <!-- @BeforeSuite init -->
  <testcase name="@BeforeClass setUp" time="0.0" classname="fmuTestExtent.PublicDashboard">
    <skipped/>
  </testcase> <!-- @BeforeClass setUp -->
  <testcase name="@AfterMethod getResult" time="0.0" classname="com.moofwd.base.TestBase">
    <skipped/>
  </testcase> <!-- @AfterMethod getResult -->
  <testcase name="@AfterMethod getResult" time="0.0" classname="com.moofwd.base.TestBase">
    <skipped/>
  </testcase> <!-- @AfterMethod getResult -->
  <testcase name="@AfterMethod getResult" time="0.0" classname="com.moofwd.base.TestBase">
    <skipped/>
  </testcase> <!-- @AfterMethod getResult -->
  <testcase name="@AfterMethod getResult" time="0.0" classname="com.moofwd.base.TestBase">
    <skipped/>
  </testcase> <!-- @AfterMethod getResult -->
  <testcase name="@BeforeClass setUp" time="0.0" classname="fmuTestExtent.Academico">
    <skipped/>
  </testcase> <!-- @BeforeClass setUp -->
  <testcase name="@AfterMethod getResult" time="0.0" classname="com.moofwd.base.TestBase">
    <skipped/>
  </testcase> <!-- @AfterMethod getResult -->
  <testcase name="@BeforeClass setUp" time="0.0" classname="fmuTestExtent.Avisos">
    <skipped/>
  </testcase> <!-- @BeforeClass setUp -->
  <testcase name="@AfterMethod getResult" time="0.0" classname="com.moofwd.base.TestBase">
    <skipped/>
  </testcase> <!-- @AfterMethod getResult -->
  <testcase name="@AfterMethod getResult" time="0.0" classname="com.moofwd.base.TestBase">
    <skipped/>
  </testcase> <!-- @AfterMethod getResult -->
  <testcase name="@AfterMethod getResult" time="0.0" classname="com.moofwd.base.TestBase">
    <skipped/>
  </testcase> <!-- @AfterMethod getResult -->
  <testcase name="@AfterMethod getResult" time="0.0" classname="com.moofwd.base.TestBase">
    <skipped/>
  </testcase> <!-- @AfterMethod getResult -->
  <testcase name="@BeforeMethod setUp" time="0.0" classname="fmuTestExtent.ContactUS">
    <skipped/>
  </testcase> <!-- @BeforeMethod setUp -->
  <testcase name="@AfterMethod getResult" time="0.0" classname="com.moofwd.base.TestBase">
    <skipped/>
  </testcase> <!-- @AfterMethod getResult -->
  <testcase name="@AfterMethod getResult" time="0.0" classname="com.moofwd.base.TestBase">
    <skipped/>
  </testcase> <!-- @AfterMethod getResult -->
  <testcase name="@BeforeMethod setUp" time="0.0" classname="fmuTestExtent.Documents">
    <skipped/>
  </testcase> <!-- @BeforeMethod setUp -->
  <testcase name="@AfterMethod getResult" time="0.0" classname="com.moofwd.base.TestBase">
    <skipped/>
  </testcase> <!-- @AfterMethod getResult -->
  <testcase name="@AfterMethod getResult" time="0.0" classname="com.moofwd.base.TestBase">
    <skipped/>
  </testcase> <!-- @AfterMethod getResult -->
  <testcase name="@BeforeMethod setUp" time="0.0" classname="fmuTestExtent.Eventos">
    <skipped/>
  </testcase> <!-- @BeforeMethod setUp -->
  <testcase name="@AfterMethod getResult" time="0.0" classname="com.moofwd.base.TestBase">
    <skipped/>
  </testcase> <!-- @AfterMethod getResult -->
  <testcase name="@AfterMethod getResult" time="0.0" classname="com.moofwd.base.TestBase">
    <skipped/>
  </testcase> <!-- @AfterMethod getResult -->
  <testcase name="@BeforeMethod setUp" time="0.0" classname="fmuTestExtent.Eventos">
    <skipped/>
  </testcase> <!-- @BeforeMethod setUp -->
  <testcase name="@AfterMethod getResult" time="0.0" classname="com.moofwd.base.TestBase">
    <skipped/>
  </testcase> <!-- @AfterMethod getResult -->
  <testcase name="@AfterMethod getResult" time="0.0" classname="com.moofwd.base.TestBase">
    <skipped/>
  </testcase> <!-- @AfterMethod getResult -->
  <testcase name="@BeforeMethod setUp" time="0.0" classname="fmuTestExtent.FAQ">
    <skipped/>
  </testcase> <!-- @BeforeMethod setUp -->
  <testcase name="@AfterMethod getResult" time="0.0" classname="com.moofwd.base.TestBase">
    <skipped/>
  </testcase> <!-- @AfterMethod getResult -->
  <testcase name="@AfterMethod getResult" time="0.0" classname="com.moofwd.base.TestBase">
    <skipped/>
  </testcase> <!-- @AfterMethod getResult -->
  <testcase name="@BeforeMethod setUp" time="0.0" classname="fmuTestExtent.Finance">
    <skipped/>
  </testcase> <!-- @BeforeMethod setUp -->
  <testcase name="@AfterMethod getResult" time="0.0" classname="com.moofwd.base.TestBase">
    <skipped/>
  </testcase> <!-- @AfterMethod getResult -->
  <testcase name="@AfterMethod getResult" time="0.0" classname="com.moofwd.base.TestBase">
    <skipped/>
  </testcase> <!-- @AfterMethod getResult -->
  <testcase name="@BeforeMethod setUp" time="0.0" classname="fmuTestExtent.Finance">
    <skipped/>
  </testcase> <!-- @BeforeMethod setUp -->
  <testcase name="@AfterMethod getResult" time="0.0" classname="com.moofwd.base.TestBase">
    <skipped/>
  </testcase> <!-- @AfterMethod getResult -->
  <testcase name="@AfterMethod getResult" time="0.0" classname="com.moofwd.base.TestBase">
    <skipped/>
  </testcase> <!-- @AfterMethod getResult -->
  <testcase name="@BeforeMethod setUp" time="0.0" classname="fmuTestExtent.Finance">
    <skipped/>
  </testcase> <!-- @BeforeMethod setUp -->
  <testcase name="@AfterMethod getResult" time="0.0" classname="com.moofwd.base.TestBase">
    <skipped/>
  </testcase> <!-- @AfterMethod getResult -->
  <testcase name="@AfterMethod getResult" time="0.0" classname="com.moofwd.base.TestBase">
    <skipped/>
  </testcase> <!-- @AfterMethod getResult -->
  <testcase name="@BeforeMethod setUp" time="0.0" classname="fmuTestExtent.Finance">
    <skipped/>
  </testcase> <!-- @BeforeMethod setUp -->
  <testcase name="@AfterMethod getResult" time="0.0" classname="com.moofwd.base.TestBase">
    <skipped/>
  </testcase> <!-- @AfterMethod getResult -->
  <testcase name="@BeforeClass setUp" time="0.0" classname="fmuTestExtent.Noticias">
    <skipped/>
  </testcase> <!-- @BeforeClass setUp -->
  <testcase name="@AfterMethod getResult" time="0.0" classname="com.moofwd.base.TestBase">
    <skipped/>
  </testcase> <!-- @AfterMethod getResult -->
  <testcase name="@AfterMethod getResult" time="0.0" classname="com.moofwd.base.TestBase">
    <skipped/>
  </testcase> <!-- @AfterMethod getResult -->
  <testcase name="@AfterMethod getResult" time="0.0" classname="com.moofwd.base.TestBase">
    <skipped/>
  </testcase> <!-- @AfterMethod getResult -->
  <testcase name="@BeforeClass setUp" time="0.0" classname="fmuTestExtent.Notifications">
    <skipped/>
  </testcase> <!-- @BeforeClass setUp -->
  <testcase name="@AfterMethod getResult" time="0.0" classname="com.moofwd.base.TestBase">
    <skipped/>
  </testcase> <!-- @AfterMethod getResult -->
  <testcase name="@AfterMethod getResult" time="0.0" classname="com.moofwd.base.TestBase">
    <skipped/>
  </testcase> <!-- @AfterMethod getResult -->
  <testcase name="@BeforeClass setUp" time="0.0" classname="fmuTestExtent.Perfil">
    <skipped/>
  </testcase> <!-- @BeforeClass setUp -->
  <testcase name="@AfterMethod getResult" time="0.0" classname="com.moofwd.base.TestBase">
    <skipped/>
  </testcase> <!-- @AfterMethod getResult -->
  <testcase name="@AfterMethod getResult" time="0.0" classname="com.moofwd.base.TestBase">
    <skipped/>
  </testcase> <!-- @AfterMethod getResult -->
  <testcase name="@AfterMethod getResult" time="0.0" classname="com.moofwd.base.TestBase">
    <skipped/>
  </testcase> <!-- @AfterMethod getResult -->
  <testcase name="@BeforeClass setUp" time="0.0" classname="fmuTestExtent.Redes_Social">
    <skipped/>
  </testcase> <!-- @BeforeClass setUp -->
  <testcase name="@AfterMethod getResult" time="0.0" classname="com.moofwd.base.TestBase">
    <skipped/>
  </testcase> <!-- @AfterMethod getResult -->
  <testcase name="@AfterMethod getResult" time="0.0" classname="com.moofwd.base.TestBase">
    <skipped/>
  </testcase> <!-- @AfterMethod getResult -->
  <testcase name="@BeforeClass setUp" time="0.0" classname="fmuTestExtent.Services">
    <skipped/>
  </testcase> <!-- @BeforeClass setUp -->
  <testcase name="@AfterMethod getResult" time="0.0" classname="com.moofwd.base.TestBase">
    <skipped/>
  </testcase> <!-- @AfterMethod getResult -->
  <testcase name="@AfterMethod getResult" time="0.0" classname="com.moofwd.base.TestBase">
    <skipped/>
  </testcase> <!-- @AfterMethod getResult -->
  <testcase name="@BeforeClass setUp" time="0.0" classname="fmuTestExtent.SPTrance">
    <skipped/>
  </testcase> <!-- @BeforeClass setUp -->
  <testcase name="@AfterMethod getResult" time="0.0" classname="com.moofwd.base.TestBase">
    <skipped/>
  </testcase> <!-- @AfterMethod getResult -->
  <testcase name="@AfterMethod getResult" time="0.0" classname="com.moofwd.base.TestBase">
    <skipped/>
  </testcase> <!-- @AfterMethod getResult -->
  <testcase name="@BeforeClass setUp" time="0.0" classname="fmuTestExtent.Settings">
    <skipped/>
  </testcase> <!-- @BeforeClass setUp -->
  <testcase name="@AfterMethod getResult" time="0.0" classname="com.moofwd.base.TestBase">
    <skipped/>
  </testcase> <!-- @AfterMethod getResult -->
  <testcase name="@AfterMethod getResult" time="0.0" classname="com.moofwd.base.TestBase">
    <skipped/>
  </testcase> <!-- @AfterMethod getResult -->
  <testcase name="@AfterMethod getResult" time="0.0" classname="com.moofwd.base.TestBase">
    <skipped/>
  </testcase> <!-- @AfterMethod getResult -->
  <testcase name="@AfterMethod getResult" time="0.0" classname="com.moofwd.base.TestBase">
    <skipped/>
  </testcase> <!-- @AfterMethod getResult -->
  <testcase name="@AfterMethod getResult" time="0.0" classname="com.moofwd.base.TestBase">
    <skipped/>
  </testcase> <!-- @AfterMethod getResult -->
  <testcase name="@AfterMethod getResult" time="0.0" classname="com.moofwd.base.TestBase">
    <skipped/>
  </testcase> <!-- @AfterMethod getResult -->
  <testcase name="clickOnArrow" time="0.0" classname="fmuTestExtent.PublicDashboard">
    <skipped/>
  </testcase> <!-- clickOnArrow -->
  <testcase name="clickOn_Ir_Para_O_LogIn" time="0.001" classname="fmuTestExtent.PublicDashboard">
    <skipped/>
  </testcase> <!-- clickOn_Ir_Para_O_LogIn -->
  <testcase name="credentials_Enter_LogIn" time="0.0" classname="fmuTestExtent.PublicDashboard">
    <skipped/>
  </testcase> <!-- credentials_Enter_LogIn -->
  <testcase name="clickOn_Li_e_concordo" time="0.002" classname="fmuTestExtent.PublicDashboard">
    <skipped/>
  </testcase> <!-- clickOn_Li_e_concordo -->
  <testcase name="click_On_Academico" time="0.003" classname="fmuTestExtent.Academico">
    <skipped/>
  </testcase> <!-- click_On_Academico -->
  <testcase name="click_On_Avisos" time="0.0" classname="fmuTestExtent.Avisos">
    <skipped/>
  </testcase> <!-- click_On_Avisos -->
  <testcase name="click_On_Disciplinas" time="0.0" classname="fmuTestExtent.Academico">
    <skipped/>
  </testcase> <!-- click_On_Disciplinas -->
  <testcase name="click_On_OneOf_Avisos" time="0.0" classname="fmuTestExtent.Avisos">
    <skipped/>
  </testcase> <!-- click_On_OneOf_Avisos -->
  <testcase name="click_On_OneofDisciplinas" time="0.0" classname="fmuTestExtent.Academico">
    <skipped/>
  </testcase> <!-- click_On_OneofDisciplinas -->
  <testcase name="clickOn_ContactUs" time="0.001" classname="fmuTestExtent.ContactUS">
    <skipped/>
  </testcase> <!-- clickOn_ContactUs -->
  <testcase name="click_On_Tarefas" time="0.0" classname="fmuTestExtent.Academico">
    <skipped/>
  </testcase> <!-- click_On_Tarefas -->
  <testcase name="click_On_Documents" time="0.0" classname="fmuTestExtent.Documents">
    <skipped/>
  </testcase> <!-- click_On_Documents -->
  <testcase name="click_On_Participants" time="0.0" classname="fmuTestExtent.Academico">
    <skipped/>
  </testcase> <!-- click_On_Participants -->
  <testcase name="click_on_Eventos" time="0.0" classname="fmuTestExtent.Eventos">
    <skipped/>
  </testcase> <!-- click_on_Eventos -->
  <testcase name="click_On_Arquivos" time="0.0" classname="fmuTestExtent.Academico">
    <skipped/>
  </testcase> <!-- click_On_Arquivos -->
  <testcase name="click_On_Antigo" time="0.0" classname="fmuTestExtent.Eventos">
    <skipped/>
  </testcase> <!-- click_On_Antigo -->
  <testcase name="click_On_Notas_Courses" time="0.0" classname="fmuTestExtent.Academico">
    <skipped/>
  </testcase> <!-- click_On_Notas_Courses -->
  <testcase name="click_On_FAQ" time="0.0" classname="fmuTestExtent.FAQ">
    <skipped/>
  </testcase> <!-- click_On_FAQ -->
  <testcase name="click_On_OneofNotas" time="0.0" classname="fmuTestExtent.Academico">
    <skipped/>
  </testcase> <!-- click_On_OneofNotas -->
  <testcase name="clickOn_Finance" time="0.001" classname="fmuTestExtent.Finance">
    <skipped/>
  </testcase> <!-- clickOn_Finance -->
  <testcase name="click_On_Historica_Courses" time="0.0" classname="fmuTestExtent.Academico">
    <skipped/>
  </testcase> <!-- click_On_Historica_Courses -->
  <testcase name="clickOn_Download_Receipt" time="0.0" classname="fmuTestExtent.Finance">
    <skipped/>
  </testcase> <!-- clickOn_Download_Receipt -->
  <testcase name="click_On_Aulas_Courses" time="0.0" classname="fmuTestExtent.Academico">
    <skipped/>
  </testcase> <!-- click_On_Aulas_Courses -->
  <testcase name="clickOn_Close_PopUp_Finance" time="0.0" classname="fmuTestExtent.Finance">
    <skipped/>
  </testcase> <!-- clickOn_Close_PopUp_Finance -->
  <testcase name="click_On_Faltas_Courses" time="0.0" classname="fmuTestExtent.Academico">
    <skipped/>
  </testcase> <!-- click_On_Faltas_Courses -->
  <testcase name="clickOn_Paid" time="0.0" classname="fmuTestExtent.Finance">
    <skipped/>
  </testcase> <!-- clickOn_Paid -->
  <testcase name="click_On_noticias" time="0.0" classname="fmuTestExtent.Noticias">
    <skipped/>
  </testcase> <!-- click_On_noticias -->
  <testcase name="click_On_OneofNoticias" time="0.0" classname="fmuTestExtent.Noticias">
    <skipped/>
  </testcase> <!-- click_On_OneofNoticias -->
  <testcase name="click_On_Noticias_link" time="0.0" classname="fmuTestExtent.Noticias">
    <skipped/>
  </testcase> <!-- click_On_Noticias_link -->
  <testcase name="click_On_notifications" time="0.0" classname="fmuTestExtent.Notifications">
    <skipped/>
  </testcase> <!-- click_On_notifications -->
  <testcase name="click_On_Notifications_settings" time="0.0" classname="fmuTestExtent.Notifications">
    <skipped/>
  </testcase> <!-- click_On_Notifications_settings -->
  <testcase name="click_On_Perfil" time="0.0" classname="fmuTestExtent.Perfil">
    <skipped/>
  </testcase> <!-- click_On_Perfil -->
  <testcase name="click_On_Edit_Perfil" time="0.0" classname="fmuTestExtent.Perfil">
    <skipped/>
  </testcase> <!-- click_On_Edit_Perfil -->
  <testcase name="click_On_Check_Edition" time="0.0" classname="fmuTestExtent.Perfil">
    <skipped/>
  </testcase> <!-- click_On_Check_Edition -->
  <testcase name="clickOn_redes_social" time="0.0" classname="fmuTestExtent.Redes_Social">
    <skipped/>
  </testcase> <!-- clickOn_redes_social -->
  <testcase name="Social_Icons" time="0.0" classname="fmuTestExtent.Redes_Social">
    <skipped/>
  </testcase> <!-- Social_Icons -->
  <testcase name="clickOn_Services" time="0.0" classname="fmuTestExtent.Services">
    <skipped/>
  </testcase> <!-- clickOn_Services -->
  <testcase name="click_On_OneoftheServices" time="0.0" classname="fmuTestExtent.Services">
    <skipped/>
  </testcase> <!-- click_On_OneoftheServices -->
  <testcase name="click_On_SPTrance" time="0.0" classname="fmuTestExtent.SPTrance">
    <skipped/>
  </testcase> <!-- click_On_SPTrance -->
  <testcase name="click_On_Carteirinha" time="0.0" classname="fmuTestExtent.SPTrance">
    <skipped/>
  </testcase> <!-- click_On_Carteirinha -->
  <testcase name="click_on_Settings" time="0.0" classname="fmuTestExtent.Settings">
    <skipped/>
  </testcase> <!-- click_on_Settings -->
  <testcase name="click_On_Notifications" time="0.0" classname="fmuTestExtent.Settings">
    <skipped/>
  </testcase> <!-- click_On_Notifications -->
  <testcase name="click_On_Salve" time="0.0" classname="fmuTestExtent.Settings">
    <skipped/>
  </testcase> <!-- click_On_Salve -->
  <testcase name="clickOn_Sobre_Nos" time="0.0" classname="fmuTestExtent.Settings">
    <skipped/>
  </testcase> <!-- clickOn_Sobre_Nos -->
  <testcase name="clickOn_PoliticaDe_Privacidad" time="0.0" classname="fmuTestExtent.Settings">
    <skipped/>
  </testcase> <!-- clickOn_PoliticaDe_Privacidad -->
  <testcase name="settings_click_LogOut" time="0.0" classname="fmuTestExtent.Settings">
    <skipped/>
  </testcase> <!-- settings_click_LogOut -->
  <testcase name="@AfterSuite tearDown" time="0.0" classname="com.moofwd.base.TestBase">
    <ignored/>
  </testcase> <!-- @AfterSuite tearDown -->
  <testcase name="@AfterSuite tearDown" time="0.0" classname="com.moofwd.base.TestBase">
    <ignored/>
  </testcase> <!-- @AfterSuite tearDown -->
  <testcase name="@AfterSuite tearDown" time="0.0" classname="com.moofwd.base.TestBase">
    <ignored/>
  </testcase> <!-- @AfterSuite tearDown -->
  <testcase name="@AfterSuite tearDown" time="0.0" classname="com.moofwd.base.TestBase">
    <ignored/>
  </testcase> <!-- @AfterSuite tearDown -->
  <testcase name="@AfterSuite tearDown" time="0.0" classname="com.moofwd.base.TestBase">
    <ignored/>
  </testcase> <!-- @AfterSuite tearDown -->
  <testcase name="@AfterSuite tearDown" time="0.0" classname="com.moofwd.base.TestBase">
    <ignored/>
  </testcase> <!-- @AfterSuite tearDown -->
  <testcase name="@AfterSuite tearDown" time="0.0" classname="com.moofwd.base.TestBase">
    <ignored/>
  </testcase> <!-- @AfterSuite tearDown -->
  <testcase name="@AfterSuite tearDown" time="0.0" classname="com.moofwd.base.TestBase">
    <ignored/>
  </testcase> <!-- @AfterSuite tearDown -->
  <testcase name="@AfterSuite tearDown" time="0.0" classname="com.moofwd.base.TestBase">
    <ignored/>
  </testcase> <!-- @AfterSuite tearDown -->
  <testcase name="@AfterSuite tearDown" time="0.0" classname="com.moofwd.base.TestBase">
    <ignored/>
  </testcase> <!-- @AfterSuite tearDown -->
  <testcase name="@AfterSuite tearDown" time="0.0" classname="com.moofwd.base.TestBase">
    <ignored/>
  </testcase> <!-- @AfterSuite tearDown -->
  <testcase name="@AfterSuite tearDown" time="0.0" classname="com.moofwd.base.TestBase">
    <ignored/>
  </testcase> <!-- @AfterSuite tearDown -->
  <testcase name="@AfterSuite tearDown" time="0.0" classname="com.moofwd.base.TestBase">
    <ignored/>
  </testcase> <!-- @AfterSuite tearDown -->
  <testcase name="@AfterSuite tearDown" time="0.0" classname="com.moofwd.base.TestBase">
    <ignored/>
  </testcase> <!-- @AfterSuite tearDown -->
  <testcase name="@AfterSuite tearDown" time="0.0" classname="com.moofwd.base.TestBase">
    <ignored/>
  </testcase> <!-- @AfterSuite tearDown -->
  <testcase name="@BeforeSuite init" time="0.0" classname="com.moofwd.base.TestBase">
    <ignored/>
  </testcase> <!-- @BeforeSuite init -->
  <testcase name="@BeforeSuite init" time="0.0" classname="com.moofwd.base.TestBase">
    <ignored/>
  </testcase> <!-- @BeforeSuite init -->
  <testcase name="@BeforeSuite init" time="0.0" classname="com.moofwd.base.TestBase">
    <ignored/>
  </testcase> <!-- @BeforeSuite init -->
  <testcase name="@BeforeSuite init" time="0.0" classname="com.moofwd.base.TestBase">
    <ignored/>
  </testcase> <!-- @BeforeSuite init -->
  <testcase name="@BeforeSuite init" time="0.0" classname="com.moofwd.base.TestBase">
    <ignored/>
  </testcase> <!-- @BeforeSuite init -->
  <testcase name="@BeforeSuite init" time="0.0" classname="com.moofwd.base.TestBase">
    <ignored/>
  </testcase> <!-- @BeforeSuite init -->
  <testcase name="@BeforeSuite init" time="0.0" classname="com.moofwd.base.TestBase">
    <ignored/>
  </testcase> <!-- @BeforeSuite init -->
  <testcase name="@BeforeSuite init" time="0.0" classname="com.moofwd.base.TestBase">
    <ignored/>
  </testcase> <!-- @BeforeSuite init -->
  <testcase name="@BeforeSuite init" time="0.0" classname="com.moofwd.base.TestBase">
    <ignored/>
  </testcase> <!-- @BeforeSuite init -->
  <testcase name="@BeforeSuite init" time="0.0" classname="com.moofwd.base.TestBase">
    <ignored/>
  </testcase> <!-- @BeforeSuite init -->
  <testcase name="@BeforeSuite init" time="0.0" classname="com.moofwd.base.TestBase">
    <ignored/>
  </testcase> <!-- @BeforeSuite init -->
  <testcase name="@BeforeSuite init" time="0.0" classname="com.moofwd.base.TestBase">
    <ignored/>
  </testcase> <!-- @BeforeSuite init -->
  <testcase name="@BeforeSuite init" time="0.0" classname="com.moofwd.base.TestBase">
    <ignored/>
  </testcase> <!-- @BeforeSuite init -->
  <testcase name="@BeforeSuite init" time="0.0" classname="com.moofwd.base.TestBase">
    <ignored/>
  </testcase> <!-- @BeforeSuite init -->
  <testcase name="@BeforeSuite init" time="0.0" classname="com.moofwd.base.TestBase">
    <ignored/>
  </testcase> <!-- @BeforeSuite init -->
</testsuite> <!-- Default test -->
