<?xml version="1.0" encoding="UTF-8"?>
<testsuite xmlns:xsi="http://www.w3.org/2001/XMLSchema-instance" xsi:noNamespaceSchemaLocation="https://maven.apache.org/surefire/maven-surefire-plugin/xsd/surefire-test-report.xsd" name="TestSuite" time="1.399" tests="19" errors="0" skipped="18" failures="1">
  <properties>
[...]
</properties>
  <testcase name="init" classname="com.moofwd.base.TestBase" time="1.195">
    <failure message="Connection refused (Connection refused)&#10;Build info: version: &apos;3.14.0&apos;, revision: &apos;aacccce0&apos;, time: &apos;2018-08-02T20:19:58.91Z&apos;&#10;System info: host: &apos;Darshans-MBP&apos;, ip: &apos;fe80:0:0:0:cf7:ed3f:3e5c:4718%en0&apos;, os.name: &apos;Mac OS X&apos;, os.arch: &apos;x86_64&apos;, os.version: &apos;10.14.4&apos;, java.version: &apos;1.8.0_201&apos;&#10;Driver info: driver.version: AndroidDriver" type="org.openqa.selenium.WebDriverException">org.openqa.selenium.WebDriverException: 
Connection refused (Connection refused)
Build info: version: '3.14.0', revision: 'aacccce0', time: '2018-08-02T20:19:58.91Z'
System info: host: 'Darshans-MBP', ip: 'fe80:0:0:0:cf7:ed3f:3e5c:4718%en0', os.name: 'Mac OS X', os.arch: 'x86_64', os.version: '10.14.4', java.version: '1.8.0_201'
Driver info: driver.version: AndroidDriver
	at com.moofwd.base.TestBase.init(TestBase.java:209)
Caused by: java.net.ConnectException: Connection refused (Connection refused)
	at com.moofwd.base.TestBase.init(TestBase.java:209)
</failure>
  </testcase>
  <testcase name="setUp" classname="fmuTestExtent.Avisos" time="0">
    <skipped/>
  </testcase>
  <testcase name="click_On_Avisos" classname="fmuTestExtent.Avisos" time="0">
    <skipped message="Connection refused (Connection refused)&#10;Build info: version: &apos;3.14.0&apos;, revision: &apos;aacccce0&apos;, time: &apos;2018-08-02T20:19:58.91Z&apos;&#10;System info: host: &apos;Darshans-MBP&apos;, ip: &apos;fe80:0:0:0:cf7:ed3f:3e5c:4718%en0&apos;, os.name: &apos;Mac OS X&apos;, os.arch: &apos;x86_64&apos;, os.version: &apos;10.14.4&apos;, java.version: &apos;1.8.0_201&apos;&#10;Driver info: driver.version: AndroidDriver"/>
  </testcase>
  <testcase name="getResult" classname="fmuTestExtent.Avisos" time="0">
    <skipped/>
  </testcase>
  <testcase name="getResult" classname="fmuTestExtent.Avisos" time="0">
    <skipped/>
  </testcase>
  <testcase name="click_On_OneOf_Avisos" classname="fmuTestExtent.Avisos" time="0">
    <skipped message="Connection refused (Connection refused)&#10;Build info: version: &apos;3.14.0&apos;, revision: &apos;aacccce0&apos;, time: &apos;2018-08-02T20:19:58.91Z&apos;&#10;System info: host: &apos;Darshans-MBP&apos;, ip: &apos;fe80:0:0:0:cf7:ed3f:3e5c:4718%en0&apos;, os.name: &apos;Mac OS X&apos;, os.arch: &apos;x86_64&apos;, os.version: &apos;10.14.4&apos;, java.version: &apos;1.8.0_201&apos;&#10;Driver info: driver.version: AndroidDriver"/>
  </testcase>
  <testcase name="setUp" classname="fmuTestExtent.Finance" time="0">
    <skipped/>
  </testcase>
  <testcase name="setUp" classname="fmuTestExtent.Finance" time="0">
    <skipped/>
  </testcase>
  <testcase name="setUp" classname="fmuTestExtent.Finance" time="0">
    <skipped/>
  </testcase>
  <testcase name="setUp" classname="fmuTestExtent.Finance" time="0">
    <skipped/>
  </testcase>
  <testcase name="clickOn_Finance" classname="fmuTestExtent.Finance" time="0">
    <skipped message="Connection refused (Connection refused)&#10;Build info: version: &apos;3.14.0&apos;, revision: &apos;aacccce0&apos;, time: &apos;2018-08-02T20:19:58.91Z&apos;&#10;System info: host: &apos;Darshans-MBP&apos;, ip: &apos;fe80:0:0:0:cf7:ed3f:3e5c:4718%en0&apos;, os.name: &apos;Mac OS X&apos;, os.arch: &apos;x86_64&apos;, os.version: &apos;10.14.4&apos;, java.version: &apos;1.8.0_201&apos;&#10;Driver info: driver.version: AndroidDriver"/>
  </testcase>
  <testcase name="getResult" classname="fmuTestExtent.Finance" time="0">
    <skipped/>
  </testcase>
  <testcase name="getResult" classname="fmuTestExtent.Finance" time="0">
    <skipped/>
  </testcase>
  <testcase name="getResult" classname="fmuTestExtent.Finance" time="0">
    <skipped/>
  </testcase>
  <testcase name="getResult" classname="fmuTestExtent.Finance" time="0">
    <skipped/>
  </testcase>
  <testcase name="clickOn_Download_Receipt" classname="fmuTestExtent.Finance" time="0">
    <skipped message="Connection refused (Connection refused)&#10;Build info: version: &apos;3.14.0&apos;, revision: &apos;aacccce0&apos;, time: &apos;2018-08-02T20:19:58.91Z&apos;&#10;System info: host: &apos;Darshans-MBP&apos;, ip: &apos;fe80:0:0:0:cf7:ed3f:3e5c:4718%en0&apos;, os.name: &apos;Mac OS X&apos;, os.arch: &apos;x86_64&apos;, os.version: &apos;10.14.4&apos;, java.version: &apos;1.8.0_201&apos;&#10;Driver info: driver.version: AndroidDriver"/>
  </testcase>
  <testcase name="clickOn_Close_PopUp_Finance" classname="fmuTestExtent.Finance" time="0">
    <skipped message="Connection refused (Connection refused)&#10;Build info: version: &apos;3.14.0&apos;, revision: &apos;aacccce0&apos;, time: &apos;2018-08-02T20:19:58.91Z&apos;&#10;System info: host: &apos;Darshans-MBP&apos;, ip: &apos;fe80:0:0:0:cf7:ed3f:3e5c:4718%en0&apos;, os.name: &apos;Mac OS X&apos;, os.arch: &apos;x86_64&apos;, os.version: &apos;10.14.4&apos;, java.version: &apos;1.8.0_201&apos;&#10;Driver info: driver.version: AndroidDriver"/>
  </testcase>
  <testcase name="clickOn_Paid" classname="fmuTestExtent.Finance" time="0">
    <skipped message="Connection refused (Connection refused)&#10;Build info: version: &apos;3.14.0&apos;, revision: &apos;aacccce0&apos;, time: &apos;2018-08-02T20:19:58.91Z&apos;&#10;System info: host: &apos;Darshans-MBP&apos;, ip: &apos;fe80:0:0:0:cf7:ed3f:3e5c:4718%en0&apos;, os.name: &apos;Mac OS X&apos;, os.arch: &apos;x86_64&apos;, os.version: &apos;10.14.4&apos;, java.version: &apos;1.8.0_201&apos;&#10;Driver info: driver.version: AndroidDriver"/>
  </testcase>
  <testcase name="tearDown" classname="com.moofwd.base.TestBase" time="0">
    <skipped/>
  </testcase>
</testsuite>